OpenROAD v2.0-17258-gc1904e24e 
Features included (+) or not (-): +Charts +GPU +GUI +Python
This program is licensed under the BSD-3 license. See the LICENSE file for details.
Components of this program may be licensed under more restrictive licenses which must be honored.
[INFO ORD-0030] Using 32 thread(s).
[INFO ODB-0227] LEF file: /home/ak11049/OpenROAD-flow-scripts/flow/platforms/sky130hd/lef/sky130_fd_sc_hd.tlef, created 13 layers, 25 vias
[INFO ODB-0227] LEF file: /home/ak11049/OpenROAD-flow-scripts/flow/platforms/sky130hd/lef/sky130_fd_sc_hd_merged.lef, created 441 library cells
[WARNING ODB-0220] WARNING (LEFPARS-2008): NOWIREEXTENSIONATPIN statement is obsolete in version 5.6 or later.
The NOWIREEXTENSIONATPIN statement will be ignored. See file ./platforms/sky130io/lef/sky130_ef_io__gpiov2_pad_wrapped.lef at line 2.

[INFO ODB-0227] LEF file: ./platforms/sky130io/lef/sky130_ef_io__gpiov2_pad_wrapped.lef, created 1 library cells
[WARNING ODB-0220] WARNING (LEFPARS-2008): NOWIREEXTENSIONATPIN statement is obsolete in version 5.6 or later.
The NOWIREEXTENSIONATPIN statement will be ignored. See file ./platforms/sky130io/lef/sky130_ef_io__com_bus_slice_10um.lef at line 2.

[INFO ODB-0227] LEF file: ./platforms/sky130io/lef/sky130_ef_io__com_bus_slice_10um.lef, created 1 library cells
[WARNING ODB-0220] WARNING (LEFPARS-2008): NOWIREEXTENSIONATPIN statement is obsolete in version 5.6 or later.
The NOWIREEXTENSIONATPIN statement will be ignored. See file ./platforms/sky130io/lef/sky130_ef_io__com_bus_slice_1um.lef at line 2.

[INFO ODB-0227] LEF file: ./platforms/sky130io/lef/sky130_ef_io__com_bus_slice_1um.lef, created 1 library cells
[WARNING ODB-0220] WARNING (LEFPARS-2008): NOWIREEXTENSIONATPIN statement is obsolete in version 5.6 or later.
The NOWIREEXTENSIONATPIN statement will be ignored. See file ./platforms/sky130io/lef/sky130_ef_io__com_bus_slice_20um.lef at line 2.

[INFO ODB-0227] LEF file: ./platforms/sky130io/lef/sky130_ef_io__com_bus_slice_20um.lef, created 1 library cells
[WARNING ODB-0220] WARNING (LEFPARS-2008): NOWIREEXTENSIONATPIN statement is obsolete in version 5.6 or later.
The NOWIREEXTENSIONATPIN statement will be ignored. See file ./platforms/sky130io/lef/sky130_ef_io__com_bus_slice_5um.lef at line 2.

[INFO ODB-0227] LEF file: ./platforms/sky130io/lef/sky130_ef_io__com_bus_slice_5um.lef, created 1 library cells
[WARNING ODB-0220] WARNING (LEFPARS-2008): NOWIREEXTENSIONATPIN statement is obsolete in version 5.6 or later.
The NOWIREEXTENSIONATPIN statement will be ignored. See file ./platforms/sky130io/lef/sky130_ef_io__corner_pad.lef at line 2.

[INFO ODB-0227] LEF file: ./platforms/sky130io/lef/sky130_ef_io__corner_pad.lef, created 1 library cells
[WARNING ODB-0220] WARNING (LEFPARS-2008): NOWIREEXTENSIONATPIN statement is obsolete in version 5.6 or later.
The NOWIREEXTENSIONATPIN statement will be ignored. See file ./platforms/sky130io/lef/sky130_ef_io__vccd_hvc_pad.lef at line 2.

[INFO ODB-0227] LEF file: ./platforms/sky130io/lef/sky130_ef_io__vccd_hvc_pad.lef, created 1 library cells
[WARNING ODB-0220] WARNING (LEFPARS-2008): NOWIREEXTENSIONATPIN statement is obsolete in version 5.6 or later.
The NOWIREEXTENSIONATPIN statement will be ignored. See file ./platforms/sky130io/lef/sky130_ef_io__vccd_lvc_pad.lef at line 2.

[INFO ODB-0227] LEF file: ./platforms/sky130io/lef/sky130_ef_io__vccd_lvc_pad.lef, created 1 library cells
[WARNING ODB-0220] WARNING (LEFPARS-2008): NOWIREEXTENSIONATPIN statement is obsolete in version 5.6 or later.
The NOWIREEXTENSIONATPIN statement will be ignored. See file ./platforms/sky130io/lef/sky130_ef_io__vdda_hvc_pad.lef at line 2.

[INFO ODB-0227] LEF file: ./platforms/sky130io/lef/sky130_ef_io__vdda_hvc_pad.lef, created 1 library cells
[WARNING ODB-0220] WARNING (LEFPARS-2008): NOWIREEXTENSIONATPIN statement is obsolete in version 5.6 or later.
The NOWIREEXTENSIONATPIN statement will be ignored. See file ./platforms/sky130io/lef/sky130_ef_io__vdda_lvc_pad.lef at line 2.

[INFO ODB-0227] LEF file: ./platforms/sky130io/lef/sky130_ef_io__vdda_lvc_pad.lef, created 1 library cells
[WARNING ODB-0220] WARNING (LEFPARS-2008): NOWIREEXTENSIONATPIN statement is obsolete in version 5.6 or later.
The NOWIREEXTENSIONATPIN statement will be ignored. See file ./platforms/sky130io/lef/sky130_ef_io__vddio_hvc_pad.lef at line 2.

[INFO ODB-0227] LEF file: ./platforms/sky130io/lef/sky130_ef_io__vddio_hvc_pad.lef, created 1 library cells
[WARNING ODB-0220] WARNING (LEFPARS-2008): NOWIREEXTENSIONATPIN statement is obsolete in version 5.6 or later.
The NOWIREEXTENSIONATPIN statement will be ignored. See file ./platforms/sky130io/lef/sky130_ef_io__vddio_lvc_pad.lef at line 2.

[INFO ODB-0227] LEF file: ./platforms/sky130io/lef/sky130_ef_io__vddio_lvc_pad.lef, created 1 library cells
[WARNING ODB-0220] WARNING (LEFPARS-2008): NOWIREEXTENSIONATPIN statement is obsolete in version 5.6 or later.
The NOWIREEXTENSIONATPIN statement will be ignored. See file ./platforms/sky130io/lef/sky130_ef_io__vssa_hvc_pad.lef at line 2.

[INFO ODB-0227] LEF file: ./platforms/sky130io/lef/sky130_ef_io__vssa_hvc_pad.lef, created 1 library cells
[WARNING ODB-0220] WARNING (LEFPARS-2008): NOWIREEXTENSIONATPIN statement is obsolete in version 5.6 or later.
The NOWIREEXTENSIONATPIN statement will be ignored. See file ./platforms/sky130io/lef/sky130_ef_io__vssa_lvc_pad.lef at line 2.

[INFO ODB-0227] LEF file: ./platforms/sky130io/lef/sky130_ef_io__vssa_lvc_pad.lef, created 1 library cells
[WARNING ODB-0220] WARNING (LEFPARS-2008): NOWIREEXTENSIONATPIN statement is obsolete in version 5.6 or later.
The NOWIREEXTENSIONATPIN statement will be ignored. See file ./platforms/sky130io/lef/sky130_ef_io__vssd_hvc_pad.lef at line 2.

[INFO ODB-0227] LEF file: ./platforms/sky130io/lef/sky130_ef_io__vssd_hvc_pad.lef, created 1 library cells
[WARNING ODB-0220] WARNING (LEFPARS-2008): NOWIREEXTENSIONATPIN statement is obsolete in version 5.6 or later.
The NOWIREEXTENSIONATPIN statement will be ignored. See file ./platforms/sky130io/lef/sky130_ef_io__vssd_lvc_pad.lef at line 2.

[INFO ODB-0227] LEF file: ./platforms/sky130io/lef/sky130_ef_io__vssd_lvc_pad.lef, created 1 library cells
[WARNING ODB-0220] WARNING (LEFPARS-2008): NOWIREEXTENSIONATPIN statement is obsolete in version 5.6 or later.
The NOWIREEXTENSIONATPIN statement will be ignored. See file ./platforms/sky130io/lef/sky130_ef_io__vssio_hvc_pad.lef at line 2.

[INFO ODB-0227] LEF file: ./platforms/sky130io/lef/sky130_ef_io__vssio_hvc_pad.lef, created 1 library cells
[WARNING ODB-0220] WARNING (LEFPARS-2008): NOWIREEXTENSIONATPIN statement is obsolete in version 5.6 or later.
The NOWIREEXTENSIONATPIN statement will be ignored. See file ./platforms/sky130io/lef/sky130_ef_io__vssio_lvc_pad.lef at line 2.

[INFO ODB-0227] LEF file: ./platforms/sky130io/lef/sky130_ef_io__vssio_lvc_pad.lef, created 1 library cells
[INFO ODB-0227] LEF file: ./platforms/sky130ram/sky130_sram_1rw1r_80x64_8/sky130_sram_1rw1r_80x64_8.lef, created 1 library cells
[INFO ODB-0221] 1000000 lines parsed!
[INFO ODB-0227] LEF file: ./platforms/sky130ram/sky130_sram_1rw1r_128x256_8/sky130_sram_1rw1r_128x256_8.lef, created 1 library cells
[INFO ODB-0227] LEF file: ./platforms/sky130ram/sky130_sram_1rw1r_44x64_8/sky130_sram_1rw1r_44x64_8.lef, created 1 library cells
[INFO ODB-0221] 1000000 lines parsed!
[INFO ODB-0227] LEF file: ./platforms/sky130ram/sky130_sram_1rw1r_64x256_8/sky130_sram_1rw1r_64x256_8.lef, created 1 library cells
Master sky130_ef_sc_hd__decap_12 is loaded but not used in the design
Master sky130_sram_1rw1r_80x64_8 is loaded but not used in the design
Master sky130_sram_1rw1r_128x256_8 is loaded but not used in the design
Master sky130_sram_1rw1r_44x64_8 is loaded but not used in the design
Master sky130_sram_1rw1r_64x256_8 is loaded but not used in the design

==========================================================================
Floorplan check_setup
--------------------------------------------------------------------------
Warning: There are 94 unclocked register/latch pins.
Warning: There are 94 unconstrained endpoints.
number instances in verilog is 4780
[WARNING IFP-0028] Core area lower left (250.000, 250.000) snapped to (250.240, 250.240).
[INFO IFP-0001] Added 753 rows of 4564 site unithd.
repair_timing -verbose -setup_margin 0 -repair_tns 100
[WARNING RSZ-0021] no estimated parasitics. Using wire load models.
[INFO RSZ-0098] No setup violations found
[INFO RSZ-0033] No hold violations found.
Default units for flow
 time 1ns
 capacitance 1pF
 resistance 1kohm
 voltage 1v
 current 1mA
 power 1nW
 distance 1um
Report metrics stage 2, floorplan final...

==========================================================================
floorplan final report_design_area
--------------------------------------------------------------------------
Design area 41785 u^2 1% utilization.
Elapsed time: 0:54.74[h:]min:sec. CPU time: user 33.46 sys 1.50 (63%). Peak memory: 418256KB.
